<?xml version="1.0" encoding="UTF-8"?>
<testsuite xmlns:xsi="http://www.w3.org/2001/XMLSchema-instance" xsi:noNamespaceSchemaLocation="https://maven.apache.org/surefire/maven-surefire-plugin/xsd/surefire-test-report-3.0.xsd" version="3.0" name="TestSuite" time="587.152" tests="1" errors="0" skipped="0" failures="0">
  <properties>
[...]
</properties>
  <testcase name="journey" classname="Rest.Spicejet.Jet" time="585.486">
    <system-out><![CDATA[Game NameGarena Free Fire Tournaments
Tournament-count133,028
Page Status200
Page URLhttps://www.game.tv/find-tournaments/garena-free-fire-spooky-night-tournaments
Game NameBrawl Stars Tournaments
Tournament-count66,173
Page Status200
Page URLhttps://www.game.tv/find-tournaments/brawl-stars-tournaments
Game NameClash Royale Tournaments
Tournament-count11,649
Page Status200
Page URLhttps://www.game.tv/find-tournaments/clash-royale-tournaments
Game NamePUBG MOBILE Tournaments
Tournament-count15,150
Page Status200
Page URLhttps://www.game.tv/find-tournaments/pubg-mobile-tournaments
Game NameCall of Duty Tournaments
Tournament-count17,985
Page Status200
Page URLhttps://www.game.tv/find-tournaments/call-of-duty-tournaments
Game NameClash of Clans Tournaments
Tournament-count5,889
Page Status200
Page URLhttps://www.game.tv/find-tournaments/clash-of-clans-tournaments
Game Name8 Ball Pool Tournaments
Tournament-count7,422
Page Status200
Page URLhttps://www.game.tv/find-tournaments/8-ball-pool-tournaments
Game NameMobile Legends: Bang Bang Tournaments
Tournament-count4,443
Page Status200
Page URLhttps://www.game.tv/find-tournaments/mobile-legends-bang-bang-tournaments
Game NameArena of Valor Tournaments
Tournament-count3,524
Page Status200
Page URLhttps://www.game.tv/find-tournaments/arena-of-valor-tournaments
Game NameAuto Chess Tournaments
Tournament-count1,437
Page Status200
Page URLhttps://www.game.tv/find-tournaments/auto-chess-tournaments
Game NameRumble Stars Football Tournaments
Tournament-count3,036
Page Status200
Page URLhttps://www.game.tv/find-tournaments/rumble-stars-football-tournaments
Game NameHead Ball 2 Tournaments
Tournament-count1,207
Page Status200
Page URLhttps://www.game.tv/find-tournaments/head-ball-2-tournaments
Game NameYu-Gi-Oh! Duel Links Tournaments
Tournament-count1,400
Page Status200
Page URLhttps://www.game.tv/find-tournaments/yu-gi-oh-duel-links-tournaments
Game NameLudo King Tournaments
Tournament-count3,139
Page Status200
Page URLhttps://www.game.tv/find-tournaments/ludo-king-tournaments
Game NameHearthstone Tournaments
Tournament-count1,276
Page Status200
Page URLhttps://www.game.tv/find-tournaments/hearthstone-tournaments
Game NameWorld Cricket Championship 2 - WCC2 Tournaments
Tournament-count4,387
Page Status200
Page URLhttps://www.game.tv/find-tournaments/world-cricket-championship-2-wcc2-tournaments
Game NameDota Underlords Tournaments
Tournament-count579
Page Status200
Page URLhttps://www.game.tv/find-tournaments/dota-underlords-tournaments
Game NameFortnite Tournaments
Tournament-count1,459
Page Status200
Page URLhttps://www.game.tv/find-tournaments/fortnite-tournaments
Game NameChess Rush Tournaments
Tournament-count425
Page Status200
Page URLhttps://www.game.tv/find-tournaments/chess-rush-tournaments
Game NameFIFA Soccer Tournaments
Tournament-count710
Page Status200
Page URLhttps://www.game.tv/find-tournaments/fifa-soccer-tournaments
Game NameRoyal Dice : Random Defense Tournaments
Tournament-count831
Page Status200
Page URLhttps://www.game.tv/find-tournaments/royal-dice-random-defense-tournaments
Game NameAnimal Tower Battle Tournaments
Tournament-count5,168
Page Status200
Page URLhttps://www.game.tv/find-tournaments/animal-tower-battle-tournaments
Game NameBloons TD Battles Tournaments
Tournament-count310
Page Status200
Page URLhttps://www.game.tv/find-tournaments/bloons-td-battles-tournaments
Game NameSmashing four Tournaments
Tournament-count825
Page Status200
Page URLhttps://www.game.tv/find-tournaments/smashing-four-tournaments
Game NameBadland Brawl Tournaments
Tournament-count658
Page Status200
Page URLhttps://www.game.tv/find-tournaments/badland-brawl-tournaments
Game NameCaptain Tsubasa: Dream Team Tournaments
Tournament-count382
Page Status200
Page URLhttps://www.game.tv/find-tournaments/captain-tsubasa-dream-team-tournaments
Game NameDRAGON BALL LEGENDS Tournaments
Tournament-count496
Page Status200
Page URLhttps://www.game.tv/find-tournaments/dragon-ball-legends-tournaments
Game NameCyber Hunter Tournaments
Tournament-count339
Page Status200
Page URLhttps://www.game.tv/find-tournaments/cyber-hunter-tournaments
Game NameSaint Seiya Awakening: Knights of the Zodiac Tournaments
Tournament-count363
Page Status200
Page URLhttps://www.game.tv/find-tournaments/saint-seiya-awakening-knights-of-the-zodiac-tournaments
Game NameSkidstorm Tournaments
Tournament-count838
Page Status200
Page URLhttps://www.game.tv/find-tournaments/skidstorm-tournaments
Game NameRocket League Tournaments
Tournament-count655
Page Status200
Page URLhttps://www.game.tv/find-tournaments/rocket-league-tournaments
Game NameShadowverse CCG Tournaments
Tournament-count177
Page Status200
Page URLhttps://www.game.tv/find-tournaments/shadowverse-ccg-tournaments
Game NameThe King of Fighters ALLSTAR Tournaments
Tournament-count785
Page Status200
Page URLhttps://www.game.tv/find-tournaments/the-king-of-fighters-allstar-tournaments
Game NameSoccer Stars Tournaments
Tournament-count3,469
Page Status200
Page URLhttps://www.game.tv/find-tournaments/soccer-stars-tournaments
Game NamePUBG Tournaments
Tournament-count626
Page Status200
Page URLhttps://www.game.tv/find-tournaments/pubg-tournaments
Game NameWar Robots Multiplayer Battles Tournaments
Tournament-count125
Page Status200
Page URLhttps://www.game.tv/find-tournaments/war-robots-multiplayer-battles-tournaments
Game NameArena of Evolution: Red Tides Tournaments
Tournament-count78
Page Status200
Page URLhttps://www.game.tv/find-tournaments/arena-of-evolution-red-tides-tournaments
Game NameCounter Strike: Global Offensive Tournaments
Tournament-count547
Page Status200
Page URLhttps://www.game.tv/find-tournaments/counter-strike-global-offensive-tournaments
Game NameFortnite PC Tournaments
Tournament-count1,564
Page Status200
Page URLhttps://www.game.tv/find-tournaments/fortnite-pc-tournaments
Game NameBnB M Tournaments
Tournament-count77
Page Status200
Page URLhttps://www.game.tv/find-tournaments/bnb-m-tournaments
Game NameLeague of Legends: LoL Tournaments
Tournament-count1,368
Page Status200
Page URLhttps://www.game.tv/find-tournaments/league-of-legends-lol-tournaments
Game NameCastle Burn - RTS Revolution Tournaments
Tournament-count80
Page Status200
Page URLhttps://www.game.tv/find-tournaments/castle-burn-rts-revolution-tournaments
Game NameChess · Play & Learn Tournaments
Tournament-count
Page Status200
Page URLhttps://www.game.tv/find-tournaments/chess-play-learn-tournaments
Game NameCounter Attack - Multiplayer FPS Tournaments
Tournament-count64
Page Status200
Page URLhttps://www.game.tv/find-tournaments/counter-attack-multiplayer-fps-tournaments
Game NameAsphalt 9: Legends - 2019's Action Car Racing Game Tournaments
Tournament-count70
Page Status200
Page URLhttps://www.game.tv/find-tournaments/asphalt-9-legends-2019-s-action-car-racing-game-tournaments
Game Nameゼノンザード ZENONZARD Tournaments
Tournament-count91
Page Status200
Page URLhttps://www.game.tv/find-tournaments/zenonzado-zenonzard-tournaments
Game NameSummoners War Tournaments
Tournament-count60
Page Status200
Page URLhttps://www.game.tv/find-tournaments/summoners-war-tournaments
Game Name決戰！平安京 (Onmyoji Arena) Tournaments
Tournament-count57
Page Status200
Page URLhttps://www.game.tv/find-tournaments/jue-zhan-ping-an-jing-onmyoji-arena-tournaments
Game NameBattle of Arrows Tournaments
Tournament-count35
Page Status200
Page URLhttps://www.game.tv/find-tournaments/-battle-of-arrows-tournaments
Game NameLords Mobile: Battle of the Empires - Strategy RPG Tournaments
Tournament-count38
Page Status200
Page URLhttps://www.game.tv/find-tournaments/lords-mobile-battle-of-the-empires-strategy-rpg-tournaments
Game Name달빛조각사 (Moonlight Tournaments
Tournament-count38
Page Status200
Page URLhttps://www.game.tv/find-tournaments/dalbicjogagsa-moonlight-tournaments
Game NamePixel Gun 3D: FPS Shooter & Battle Royale Tournaments
Tournament-count41
Page Status200
Page URLhttps://www.game.tv/find-tournaments/pixel-gun-3d-fps-shooter-battle-royale-tournaments
Game NamePubg Lite Tournaments
Tournament-count360
Page Status200
Page URLhttps://www.game.tv/find-tournaments/-pubg-lite-tournaments
Game NameOnmyoji Chess Tournaments
Tournament-count40
Page Status200
Page URLhttps://www.game.tv/find-tournaments/onmyoji-chess-tournaments
Game NameCarrom Pool Tournaments
Tournament-count3,241
Page Status200
Page URLhttps://www.game.tv/find-tournaments/-carrom-pool-tournaments
Game NameMini Militia Tournaments
Tournament-count2,723
Page Status200
Page URLhttps://www.game.tv/find-tournaments/mini-militia-tournaments
Game NameRoblox Tournaments
Tournament-count227
Page Status200
Page URLhttps://www.game.tv/find-tournaments/-roblox-tournaments
Game NameTom Clancy's Rainbow Six Siege Tournaments
Tournament-count457
Page Status200
Page URLhttps://www.game.tv/find-tournaments/-tom-clancy's-rainbow-six-siege-tournaments
Game NameDr. Mario World Tournaments
Tournament-count34
Page Status200
Page URLhttps://www.game.tv/find-tournaments/dr-mario-world-tournaments
Game NameDragalia Lost Tournaments
Tournament-count32
Page Status200
Page URLhttps://www.game.tv/find-tournaments/dragalia-lost-tournaments
Game NameMinecraft Tournaments
Tournament-count382
Page Status200
Page URLhttps://www.game.tv/find-tournaments/-minecraft-tournaments
Game NameOverwatch Tournaments
Tournament-count88
Page Status200
Page URLhttps://www.game.tv/find-tournaments/overwatch-tournaments
Game Name에오스 레드 (Eos Red) Tournaments
Tournament-count17
Page Status200
Page URLhttps://www.game.tv/find-tournaments/eoseu-redeu-eos-red-tournaments
Game NameSuper Smash Bros. Ultimate Tournaments
Tournament-count128
Page Status200
Page URLhttps://www.game.tv/find-tournaments/-super-smash-bros.-ultimate-tournaments
Game NamePaladins Tournaments
Tournament-count43
Page Status200
Page URLhttps://www.game.tv/find-tournaments/-paladins-tournaments
Game NameTEPPEN Tournaments
Tournament-count18
Page Status200
Page URLhttps://www.game.tv/find-tournaments/teppen-tournaments
Game NamePokémon sword and shield Tournaments
Tournament-count32
Page Status404
Page URLhttps://www.game.tv/find-tournaments/-pok%C3%A9mon-sword-and-shield--tournaments
Game NameStandoff 2 Tournaments
Tournament-count737
Page Status200
Page URLhttps://www.game.tv/find-tournaments/-standoff-2-tournaments
Game NameMTG Arena Tournaments
Tournament-count62
Page Status404
Page URLhttps://www.game.tv/find-tournaments/-mtg%E3%80%80arena-tournaments
Game NameCritical Ops: Multiplayer FPS Tournaments
Tournament-count73
Page Status200
Page URLhttps://www.game.tv/find-tournaments/critical-ops-multiplayer-fps-tournaments
Game NameModern Warfare Tournaments
Tournament-count153
Page Status200
Page URLhttps://www.game.tv/find-tournaments/-modern-warfare-tournaments
Game NameBaram Tournaments
Tournament-count30
Page Status200
Page URLhttps://www.game.tv/find-tournaments/baram-tournaments
Game NameCall of duty : Warzone Tournaments
Tournament-count1,296
Page Status200
Page URLhttps://www.game.tv/find-tournaments/-call-of-duty-:-warzone--tournaments
Game NameLegends of Runeterra Tournaments
Tournament-count241
Page Status200
Page URLhttps://www.game.tv/find-tournaments/-legends-of-runeterra-tournaments
Game NameGarena Speed Drifters Tournaments
Tournament-count13
Page Status200
Page URLhttps://www.game.tv/find-tournaments/garena-speed-drifters-tournaments
Game NameGTA 5 Tournaments
Tournament-count39
Page Status200
Page URLhttps://www.game.tv/find-tournaments/-gta-5--tournaments
Game Name轟啊坦克 (FortressGo) Tournaments
Tournament-count19
Page Status200
Page URLhttps://www.game.tv/find-tournaments/hong-a-tan-ke-fortressgo-tournaments
Game NameDestiny 2 Tournaments
Tournament-count37
Page Status200
Page URLhttps://www.game.tv/find-tournaments/-destiny-2-tournaments
Game NameFleet Battle Tournaments
Tournament-count98
Page Status200
Page URLhttps://www.game.tv/find-tournaments/-fleet-battle-tournaments
Game NameFIFA 20 Tournaments
Tournament-count192
Page Status200
Page URLhttps://www.game.tv/find-tournaments/-fifa-20-tournaments
Game NameAudition Mobile TH Tournaments
Tournament-count8
Page Status200
Page URLhttps://www.game.tv/find-tournaments/audition-mobile-th-tournaments
Game NameBrawlhalla Tournaments
Tournament-count558
Page Status200
Page URLhttps://www.game.tv/find-tournaments/-brawlhalla-tournaments
Game NameVainglory Tournaments
Tournament-count6
Page Status200
Page URLhttps://www.game.tv/find-tournaments/-vainglory-tournaments
Game NameLINE Let's Get Rich Tournaments
Tournament-count64
Page Status200
Page URLhttps://www.game.tv/find-tournaments/line-let-s-get-rich-tournaments
Game NameTekken 7 Tournaments
Tournament-count88
Page Status200
Page URLhttps://www.game.tv/find-tournaments/-tekken-7-tournaments
Game NameThe Seven Deadly Sins: Grand Cross Tournaments
Tournament-count323
Page Status200
Page URLhttps://www.game.tv/find-tournaments/-the-seven-deadly-sins:-grand-cross-tournaments
Game NameGolf Blitz Tournaments
Tournament-count78
Page Status200
Page URLhttps://www.game.tv/find-tournaments/-golf-blitz-tournaments
Game NameFrag Pro Shooter Tournaments
Tournament-count63
Page Status200
Page URLhttps://www.game.tv/find-tournaments/-frag-pro-shooter-tournaments
Game Nameドラゴンクエストライバルズ (Dragon Quest Rivals) Tournaments
Tournament-count8
Page Status200
Page URLhttps://www.game.tv/find-tournaments/doragonkuesutoraibaruzu-dragon-quest-rivals-tournaments
Game NamePokemon Showdown Tournaments
Tournament-count53
Page Status200
Page URLhttps://www.game.tv/find-tournaments/-pokemon-showdown-tournaments
Game NameYu-Gi-Oh! TCG Tournaments
Tournament-count39
Page Status200
Page URLhttps://www.game.tv/find-tournaments/_yu-gi-oh!_tcg-tournaments
Game NameWerewolf Online Tournaments
Tournament-count18
Page Status200
Page URLhttps://www.game.tv/find-tournaments/-werewolf-online-tournaments
Game NameNBA 2k20 Tournaments
Tournament-count62
Page Status200
Page URLhttps://www.game.tv/find-tournaments/-nba-2k20-tournaments
Game NameDota 2 Tournaments
Tournament-count151
Page Status200
Page URLhttps://www.game.tv/find-tournaments/dota-2-tournaments
Game NameApex Legends Tournaments
Tournament-count230
Page Status200
Page URLhttps://www.game.tv/find-tournaments/-apex-legends-tournaments
Game NameDead by Daylight Tournaments
Tournament-count87
Page Status200
Page URLhttps://www.game.tv/find-tournaments/-dead-by-daylight-tournaments
Game NameBowling King Tournaments
Tournament-count1,164
Page Status200
Page URLhttps://www.game.tv/find-tournaments/-bowling-king-tournaments
Game NameBLACK DESERT MOBILE Tournaments
Tournament-count32
Page Status200
Page URLhttps://www.game.tv/find-tournaments/-black-desert-mobile-tournaments
Game NameLudo World-Ludo Superstar Tournaments
Tournament-count1,528
Page Status200
Page URLhttps://www.game.tv/find-tournaments/_ludo_world-ludo_superstar-tournaments
Game NameJurassic World Alive Tournaments
Tournament-count17
Page Status200
Page URLhttps://www.game.tv/find-tournaments/jurassic-world-alive-tournaments
]]></system-out>
    <system-err><![CDATA[SLF4J: Failed to load class "org.slf4j.impl.StaticLoggerBinder".
SLF4J: Defaulting to no-operation (NOP) logger implementation
SLF4J: See http://www.slf4j.org/codes.html#StaticLoggerBinder for further details.
Starting ChromeDriver 87.0.4280.20 (c99e81631faa0b2a448e658c0dbd8311fb04ddbd-refs/branch-heads/4280@{#355}) on port 46264
Only local connections are allowed.
Please see https://chromedriver.chromium.org/security-considerations for suggestions on keeping ChromeDriver safe.
ChromeDriver was started successfully.
Nov 22, 2020 1:49:17 PM org.openqa.selenium.remote.ProtocolHandshake createSession
INFO: Detected dialect: W3C
]]></system-err>
  </testcase>
</testsuite>