<?xml version="1.0" encoding="UTF-8"?>
<testng-results ignored="0" total="1" passed="1" failed="0" skipped="0">
  <reporter-output>
  </reporter-output>
  <suite started-at="2020-11-22T13:49:13 IST" name="Suite" finished-at="2020-11-22T13:58:59 IST" duration-ms="585531">
    <groups>
    </groups>
    <test started-at="2020-11-22T13:49:13 IST" name="Test" finished-at="2020-11-22T13:58:59 IST" duration-ms="585531">
      <class name="Rest.Spicejet.Jet">
        <test-method signature="journey()[pri:0, instance:Rest.Spicejet.Jet@4659191b]" started-at="2020-11-22T13:49:13 IST" name="journey" finished-at="2020-11-22T13:58:59 IST" duration-ms="585484" status="PASS">
          <reporter-output>
          </reporter-output>
        </test-method> <!-- journey -->
      </class> <!-- Rest.Spicejet.Jet -->
    </test> <!-- Test -->
  </suite> <!-- Suite -->
</testng-results>
